<?xml version="1.0" encoding="UTF-8"?>
<!-- Generated by org.testng.reporters.JUnitReportReporter -->
<testsuite hostname="DESKTOP-0UFG3UU" failures="0" tests="4" name="api.test.UserTests" time="9.577" errors="0" timestamp="2024-02-25T13:12:19 IST" skipped="0">
  <testcase classname="api.test.UserTests" name="testPostUser" time="3.302"/>
  <system-out/>
  <testcase classname="api.test.UserTests" name="testGetUserByName" time="1.593"/>
  <system-out/>
  <testcase classname="api.test.UserTests" name="testUpdateUserByName" time="3.051"/>
  <system-out/>
  <testcase classname="api.test.UserTests" name="testDeleteUserByName" time="1.631"/>
  <system-out/>
</testsuite> <!-- api.test.UserTests -->
