<?xml version="1.0" encoding="UTF-8"?>
<!-- Generated by org.testng.reporters.JUnitReportReporter -->
<testsuite hostname="DESKTOP-0UFG3UU" failures="0" tests="4" name="api.test.UserTests" time="7.229" errors="0" timestamp="2024-02-25T18:38:45 IST" skipped="0">
  <testcase classname="api.test.UserTests" name="testPostUser" time="2.583"/>
  <system-out/>
  <testcase classname="api.test.UserTests" name="testGetUserByName" time="1.313"/>
  <system-out/>
  <testcase classname="api.test.UserTests" name="testUpdateUserByName" time="2.201"/>
  <system-out/>
  <testcase classname="api.test.UserTests" name="testDeleteUserByName" time="1.132"/>
  <system-out/>
</testsuite> <!-- api.test.UserTests -->
